Arguments: 
  C:\Program Files\nodejs\node.exe C:\Users\Dell\AppData\Roaming\npm\node_modules\yarn\bin\yarn.js add @react-native-picker/picker

PATH: 
  C:\Program Files (x86)\Common Files\Oracle\Java\javapath;C:\Program Files\Java\zulu17.38.21-ca-jdk17.0.5-win_x64\bin;C:\Windows\system32;C:\Windows;C:\Windows\System32\Wbem;C:\Windows\System32\WindowsPowerShell\v1.0\;C:\Windows\System32\OpenSSH\;C:\Program Files (x86)\Windows Live\Shared;C:\Program Files\dotnet\;C:\Program Files\nodejs\;C:\Users\Dell\AppData\Roaming\npm;C:\Program Files (x86)\Intel\Intel(R) Management Engine Components\DAL;C:\Program Files\Intel\Intel(R) Management Engine Components\DAL;C:\ProgramData\chocolatey\bin;C:\Program Files\Git\cmd;C:\Program Files\MySQL\MySQL Shell 8.0\bin\;C:\Users\Dell\AppData\Local\Microsoft\WindowsApps;;C:\Users\Dell\AppData\Local\Programs\Microsoft VS Code\bin;C:\Users\Dell\AppData\Roaming\npm;C:\Users\Dell\AppData\Local\Programs\Hyper\resources\bin

Yarn version: 
  1.22.19

Node version: 
  18.17.0

Platform: 
  win32 x64

Trace: 
  Error: EPERM: operation not permitted, unlink 'C:\Users\Dell\Desktop\FITLIFE\fitlife\cliente\node_modules\@babel\plugin-proposal-logical-assignment-operators\lib'

npm manifest: 
  {
    "name": "fitlife",
    "version": "1.0.0",
    "main": "node_modules/expo/AppEntry.js",
    "scripts": {
      "start": "expo start",
      "android": "expo start --android",
      "ios": "expo start --ios",
      "web": "expo start --web"
    },
    "dependencies": {
      "@expo/metro-runtime": "~3.1.3",
      "@react-navigation/bottom-tabs": "^6.5.20",
      "@react-navigation/native": "^6.1.17",
      "@react-navigation/stack": "^6.3.29",
      "axios": "^1.6.8",
      "expo": "~50.0.14",
      "expo-status-bar": "~1.11.1",
      "react": "18.2.0",
      "react-dom": "18.2.0",
      "react-icons": "^5.2.1",
      "react-native": "0.73.6",
      "react-native-gesture-handler": "^2.16.2",
      "react-native-web": "~0.19.6"
    },
    "devDependencies": {
      "@babel/core": "^7.20.0",
      "expo-cli": "^6.3.10"
    },
    "private": true
  }

yarn manifest: 
  No manifest

Lockfile: 
  No lockfile
